This is pdfTeX, Version 3.1415926-1.40.10 (TeX Live 2009/Debian) (format=pdflatex 2010.9.3)  6 DEC 2010 15:02
entering extended mode
 restricted \write18 enabled.
 %&-line parsing enabled.
**justification.tex
(./justification.tex
LaTeX2e <2009/09/24>
Babel <v3.8l> and hyphenation patterns for english, usenglishmax, dumylang, noh
yphenation, ngerman, german, german-x-2009-06-19, ngerman-x-2009-06-19, loaded.

(/usr/share/texmf-texlive/tex/latex/base/article.cls
Document Class: article 2007/10/19 v1.4h Standard LaTeX document class
(/usr/share/texmf-texlive/tex/latex/base/size10.clo
File: size10.clo 2007/10/19 v1.4h Standard LaTeX file (size option)
)
\c@part=\count79
\c@section=\count80
\c@subsection=\count81
\c@subsubsection=\count82
\c@paragraph=\count83
\c@subparagraph=\count84
\c@figure=\count85
\c@table=\count86
\abovecaptionskip=\skip41
\belowcaptionskip=\skip42
\bibindent=\dimen102
) (./justification.aux)
\openout1 = `justification.aux'.

LaTeX Font Info:    Checking defaults for OML/cmm/m/it on input line 6.
LaTeX Font Info:    ... okay on input line 6.
LaTeX Font Info:    Checking defaults for T1/cmr/m/n on input line 6.
LaTeX Font Info:    ... okay on input line 6.
LaTeX Font Info:    Checking defaults for OT1/cmr/m/n on input line 6.
LaTeX Font Info:    ... okay on input line 6.
LaTeX Font Info:    Checking defaults for OMS/cmsy/m/n on input line 6.
LaTeX Font Info:    ... okay on input line 6.
LaTeX Font Info:    Checking defaults for OMX/cmex/m/n on input line 6.
LaTeX Font Info:    ... okay on input line 6.
LaTeX Font Info:    Checking defaults for U/cmr/m/n on input line 6.
LaTeX Font Info:    ... okay on input line 6.
LaTeX Font Info:    External font `cmex10' loaded for size
(Font)              <12> on input line 7.
LaTeX Font Info:    External font `cmex10' loaded for size
(Font)              <8> on input line 7.
LaTeX Font Info:    External font `cmex10' loaded for size
(Font)              <6> on input line 7.

[1

{/var/lib/texmf/fonts/map/pdftex/updmap/pdftex.map}]
LaTeX Font Info:    External font `cmex10' loaded for size
(Font)              <7> on input line 13.
LaTeX Font Info:    External font `cmex10' loaded for size
(Font)              <5> on input line 13.

Overfull \hbox (6.30971pt too wide) in paragraph at lines 26--27
\OT1/cmtt/m/n/10 switch[]schedule[]to[]up \OT1/cmr/m/n/10 and \OT1/cmtt/m/n/10 
switch[]schedule[]to[]down\OT1/cmr/m/n/10 . The guard \OT1/cmtt/m/n/10 grd9[]4
 []


Overfull \hbox (8.17249pt too wide) in paragraph at lines 28--29
[]\OT1/cmr/m/n/10 This re-quire-ment is im-ple-mented by the events \OT1/cmtt/m
/n/10 turn[]floor[]button[]lights-
 []

[2]
Overfull \hbox (4.54059pt too wide) in paragraph at lines 34--35
[]\OT1/cmtt/m/n/10 RELEASES[]FLOOR[]BUTTON \OT1/cmr/m/n/10 are en-baled be-caus
e the set \OT1/cmtt/m/n/10 PhyFloorButtonsSet
 []

[3] (./justification.aux) ) 
Here is how much of TeX's memory you used:
 234 strings out of 495021
 2553 string characters out of 1181036
 52235 words of memory out of 3000000
 3500 multiletter control sequences out of 15000+50000
 7616 words of font info for 28 fonts, out of 3000000 for 9000
 28 hyphenation exceptions out of 8191
 23i,6n,19p,738b,199s stack positions out of 5000i,500n,10000p,200000b,50000s
</usr/share/texmf-texlive/fonts/type1/public/amsfont
s/cm/cmbx12.pfb></usr/share/texmf-texlive/fonts/type1/public/amsfonts/cm/cmitt1
0.pfb></usr/share/texmf-texlive/fonts/type1/public/amsfonts/cm/cmmi10.pfb></usr
/share/texmf-texlive/fonts/type1/public/amsfonts/cm/cmr10.pfb></usr/share/texmf
-texlive/fonts/type1/public/amsfonts/cm/cmr12.pfb></usr/share/texmf-texlive/fon
ts/type1/public/amsfonts/cm/cmr17.pfb></usr/share/texmf-texlive/fonts/type1/pub
lic/amsfonts/cm/cmsy10.pfb></usr/share/texmf-texlive/fonts/type1/public/amsfont
s/cm/cmtt10.pfb>
Output written on justification.pdf (3 pages, 96136 bytes).
PDF statistics:
 44 PDF objects out of 1000 (max. 8388607)
 0 named destinations out of 1000 (max. 500000)
 1 words of extra memory for PDF output out of 10000 (max. 10000000)

